<?xml version="1.0" encoding="UTF-8"?>
<!-- Generated by org.testng.reporters.JUnitReportReporter -->
<testsuite hostname="DESKTOP-4IECGH5" failures="0" tests="3" name="Testng.dependancy" time="65.376" errors="0" timestamp="2023-01-23T13:30:08 IST" skipped="0">
  <testcase classname="Testng.dependancy" name="sendkeys" time="1.755"/>
  <system-out/>
  <testcase classname="Testng.dependancy" name="clicklogin" time="0.312"/>
  <system-out/>
  <testcase classname="Testng.dependancy" name="browserlaunch" time="63.309"/>
  <system-out/>
</testsuite> <!-- Testng.dependancy -->
