<?xml version="1.0" encoding="UTF-8"?>
<!-- Generated by org.testng.reporters.JUnitReportReporter -->
<testsuite hostname="DESKTOP-4IECGH5" failures="0" tests="2" name="Testng.CrossBrowsing1" time="97.693" errors="0" timestamp="2023-01-25T13:50:42 IST" skipped="0">
  <testcase classname="Testng.CrossBrowsing1" name="browsingLaunch" time="66.123"/>
  <system-out/>
  <testcase classname="Testng.CrossBrowsing1" name="browsingLaunch" time="31.570"/>
  <system-out/>
</testsuite> <!-- Testng.CrossBrowsing1 -->
